<?xml version="1.0" encoding="UTF-8"?>
<!-- Generated by org.testng.reporters.JUnitReportReporter -->
<testsuite skipped="0" hostname="DESKTOP-C6AS1K2" name="scripts.Loging_Search" tests="1" failures="0" timestamp="04 Oct 2018 04:08:02 GMT" time="80.750" errors="0">
  <testcase name="login_search" time="80.750" classname="scripts.Loging_Search"/>
</testsuite> <!-- scripts.Loging_Search -->
