<?xml version="1.0" encoding="UTF-8"?>
<!-- Generated by org.testng.reporters.JUnitReportReporter -->
<testsuite skipped="0" hostname="DESKTOP-C6AS1K2" name="scripts.Blanksearch" tests="1" failures="0" timestamp="04 Oct 2018 04:08:02 GMT" time="49.827" errors="0">
  <testcase name="blanksearch" time="49.827" classname="scripts.Blanksearch"/>
</testsuite> <!-- scripts.Blanksearch -->
