<?xml version="1.0" encoding="UTF-8"?>
<!-- Generated by org.testng.reporters.JUnitReportReporter -->
<testsuite skipped="0" hostname="DESKTOP-C6AS1K2" name="scripts.SelectColor" tests="1" failures="0" timestamp="04 Oct 2018 04:08:02 GMT" time="72.295" errors="0">
  <testcase name="selectColor" time="72.295" classname="scripts.SelectColor"/>
</testsuite> <!-- scripts.SelectColor -->
