<?xml version="1.0" encoding="UTF-8"?>
<!-- Generated by org.testng.reporters.JUnitReportReporter -->
<testsuite skipped="0" hostname="DESKTOP-C6AS1K2" name="scripts.AddAdress" tests="1" failures="0" timestamp="04 Oct 2018 04:08:02 GMT" time="120.329" errors="0">
  <testcase name="addAdress" time="120.329" classname="scripts.AddAdress"/>
</testsuite> <!-- scripts.AddAdress -->
